2018-12-14T09:52:46.233Z - normal: Load ~/.CocosCreator/settings.json
2018-12-14T09:52:46.237Z - normal: checking language setting...
2018-12-14T09:52:46.237Z - normal: Language: zh
2018-12-14T09:52:47.955Z - success: protocol editor-framework registered
2018-12-14T09:52:47.955Z - success: protocol app registered
2018-12-14T09:52:47.955Z - success: protocol theme registered
2018-12-14T09:52:47.955Z - success: protocol packages registered
2018-12-14T09:52:47.955Z - success: protocol unpack registerred
2018-12-14T09:52:47.955Z - success: protocol disable-commonjs registerred
2018-12-14T09:52:48.098Z - normal: connected!
2018-12-14T09:52:48.099Z - normal: Check project D:\602\v2_static\shouyou\h5game\jingubang\NewProject
2018-12-14T09:52:48.105Z - normal: Initializing project D:\602\v2_static\shouyou\h5game\jingubang\NewProject
2018-12-14T09:52:48.110Z - normal: Initializing Cocos2d
2018-12-14T09:52:48.812Z - normal: Initializing Asset Database
2018-12-14T09:52:48.859Z - success: protocol uuid registerred
2018-12-14T09:52:48.859Z - success: protocol db registerred
2018-12-14T09:52:48.859Z - success: protocol thumbnail registerred
2018-12-14T09:52:48.859Z - normal: Loading editor/builtin packages
2018-12-14T09:52:49.010Z - success: assets loaded
2018-12-14T09:52:49.013Z - success: builder loaded
2018-12-14T09:52:49.016Z - success: cocos-analytics loaded
2018-12-14T09:52:49.019Z - success: console loaded
2018-12-14T09:52:49.055Z - success: fb-instant-games loaded
2018-12-14T09:52:49.057Z - success: google-instant-games loaded
2018-12-14T09:52:49.061Z - success: hierarchy loaded
2018-12-14T09:52:49.064Z - success: inspector loaded
2018-12-14T09:52:49.065Z - success: keystore loaded
2018-12-14T09:52:49.070Z - success: node-library loaded
2018-12-14T09:52:49.071Z - success: package-asset loaded
2018-12-14T09:52:49.072Z - success: preferences loaded
2018-12-14T09:52:49.074Z - success: project-exporter loaded
2018-12-14T09:52:49.090Z - success: project-importer loaded
2018-12-14T09:52:49.093Z - success: project-settings loaded
2018-12-14T09:52:49.096Z - success: ui-kit loaded
2018-12-14T09:52:49.099Z - success: scene loaded
2018-12-14T09:52:49.100Z - success: sprite-editor loaded
2018-12-14T09:52:49.104Z - success: store loaded
2018-12-14T09:52:49.108Z - success: timeline loaded
2018-12-14T09:52:49.108Z - normal: Loading builtin packages
2018-12-14T09:52:49.113Z - success: asset-db-debugger loaded
2018-12-14T09:52:49.116Z - success: code-editor loaded
2018-12-14T09:52:49.117Z - success: color-picker loaded
2018-12-14T09:52:49.209Z - success: google-play-instant loaded
2018-12-14T09:52:49.212Z - success: jsb-adapter loaded
2018-12-14T09:52:49.217Z - success: oppo-runtime loaded
2018-12-14T09:52:49.220Z - success: package-manager loaded
2018-12-14T09:52:49.333Z - success: qqplay-adapter loaded
2018-12-14T09:52:49.338Z - success: sdkbox loaded
2018-12-14T09:52:49.342Z - success: tester loaded
2018-12-14T09:52:49.345Z - success: ui-grid loaded
2018-12-14T09:52:49.347Z - success: ui-kit-preview-extra loaded
2018-12-14T09:52:49.349Z - success: ui-kit-preview loaded
2018-12-14T09:52:49.352Z - success: ui-tree loaded
2018-12-14T09:52:49.355Z - success: vivo-runtime loaded
2018-12-14T09:52:49.356Z - success: weapp-adapter loaded
2018-12-14T09:52:50.500Z - normal: Loading packages
2018-12-14T09:52:50.508Z - normal: Watching packages
2018-12-14T09:52:51.159Z - normal: Run Application
2018-12-14T09:52:51.657Z - success: preview server running at http://localhost:7456
2018-12-14T10:03:50.772Z - warn: Error: ipc timeout. message: scene:query-node, session: scene@renderer:3489
2018-12-14T10:03:50.774Z - warn: Error: ipc timeout. message: scene:query-node, session: scene@renderer:3491
2018-12-14T10:09:44.167Z - error: Failed to import assets to db://assets/texttures/player/player1.png, messages: Error: Invalid dest path, make sure it exists and it is a directory
    at s (C:\CocosCreator\resources\app.asar\asset-db\lib\tasks.js:1:12994)
    at i.waterfall.i (C:\CocosCreator\resources\app.asar\asset-db\lib\tasks.js:1:13464)
    at fn (C:\CocosCreator\resources\app.asar\node_modules\async\lib\async.js:746:34)
    at C:\CocosCreator\resources\app.asar\node_modules\async\lib\async.js:1213:16
    at C:\CocosCreator\resources\app.asar\node_modules\async\lib\async.js:166:37
    at C:\CocosCreator\resources\app.asar\node_modules\async\lib\async.js:706:43
    at C:\CocosCreator\resources\app.asar\node_modules\async\lib\async.js:167:37
    at Object.async.waterfall (C:\CocosCreator\resources\app.asar\node_modules\async\lib\async.js:710:44)
    at u.import (C:\CocosCreator\resources\app.asar\asset-db\lib\tasks.js:1:12929)
    at _tasks.r.queue (C:\CocosCreator\resources\app.asar\asset-db\index.js:1:2264)
    at u.o.error (C:\CocosCreator\resources\app.asar\asset-db\lib\utils.js:1:2273)
    at Object._tasks.push [as callback] (C:\CocosCreator\resources\app.asar\asset-db\lib\interface.js:1:5693)
    at C:\CocosCreator\resources\app.asar\node_modules\async\lib\async.js:906:35
    at _arrayEach (C:\CocosCreator\resources\app.asar\node_modules\async\lib\async.js:85:13)
    at C:\CocosCreator\resources\app.asar\node_modules\async\lib\async.js:898:17
    at C:\CocosCreator\resources\app.asar\node_modules\async\lib\async.js:44:16
    at u.<anonymous> (C:\CocosCreator\resources\app.asar\asset-db\index.js:1:1883)
    at i.waterfall (C:\CocosCreator\resources\app.asar\asset-db\lib\tasks.js:1:14897)
    at C:\CocosCreator\resources\app.asar\node_modules\async\lib\async.js:52:16
